<?xml version="1.0" encoding="UTF-8"?>
<!-- Generated by org.testng.reporters.JUnitXMLReporter -->
<testsuite ignored="0" hostname="Admin" failures="0" tests="4" name="Run on FIREFOX" time="15.143" errors="0" timestamp="16 Sep 2021 16:59:07 GMT">
  <testcase classname="com.nopcommerce.login.Level_04_Dynamic_Locator" name="Login_01_Register_To_System" time="4.681"/>
  <testcase classname="com.nopcommerce.login.Level_04_Dynamic_Locator" name="Login_02_Login_To_System" time="1.788"/>
  <testcase classname="com.nopcommerce.login.Level_04_Dynamic_Locator" name="TC_03_Switch_Page_Objects" time="2.022"/>
  <testcase classname="com.nopcommerce.login.Level_04_Dynamic_Locator" name="TC_04_Dynamic_Locator" time="2.465"/>
</testsuite> <!-- Run on FIREFOX -->
