<?xml version="1.0" encoding="UTF-8"?>
<!-- Generated by org.testng.reporters.JUnitXMLReporter -->
<testsuite ignored="0" hostname="Admin" failures="0" tests="2" name="Run on CHROME" time="12.965" errors="0" timestamp="14 Sep 2021 16:43:45 GMT">
  <testcase classname="com.nopcommerce.login.Register_Logic_Page_Objects" name="Login_01_Register_To_System" time="9.266"/>
  <testcase classname="com.nopcommerce.login.Register_Logic_Page_Objects" name="Login_02_Login_To_System" time="2.916"/>
</testsuite> <!-- Run on CHROME -->
