<?xml version="1.0" encoding="UTF-8"?>
<!-- Generated by org.testng.reporters.JUnitXMLReporter -->
<testsuite ignored="0" hostname="Admin" failures="0" tests="2" name="Run on EDGE" time="10.82" errors="0" timestamp="14 Sep 2021 16:43:56 GMT">
  <testcase classname="com.nopcommerce.login.Register_Logic_Page_Objects" name="Login_01_Register_To_System" time="6.903"/>
  <testcase classname="com.nopcommerce.login.Register_Logic_Page_Objects" name="Login_02_Login_To_System" time="3.057"/>
</testsuite> <!-- Run on EDGE -->
