<?xml version="1.0" encoding="UTF-8"?>
<!-- Generated by org.testng.reporters.JUnitXMLReporter -->
<testsuite ignored="0" hostname="Admin" failures="0" tests="3" name="Run on EDGE" time="15.354" errors="0" timestamp="02 Oct 2021 18:42:50 GMT">
  <testcase classname="com.nopcommerce.login.Level_03_Switch_Page_Objects" name="Login_01_Register_To_System" time="8.547"/>
  <testcase classname="com.nopcommerce.login.Level_03_Switch_Page_Objects" name="Login_02_Login_To_System" time="2.201"/>
  <testcase classname="com.nopcommerce.login.Level_03_Switch_Page_Objects" name="TC_03_Switch_Page_Objects" time="3.111"/>
</testsuite> <!-- Run on EDGE -->
