<?xml version="1.0" encoding="UTF-8"?>
<!-- Generated by org.testng.reporters.JUnitXMLReporter -->
<testsuite ignored="0" hostname="DESKTOP-05J6JRM" failures="6" tests="6" name="Run on FIREFOX" time="12.297" errors="0" timestamp="06 Dec 2021 16:31:00 GMT">
  <testcase classname="com.bankguru.livecodingproject.deleteCustomerTestcases" name="TC_01_Create_New_Customer_And_Checked_Created_Succesfully" time="5.937">
    <failure type="org.openqa.selenium.UnhandledAlertException" message="Dismissed user prompt dialog: Customer could not be added !!: 
Build info: version: &amp;apos;3.141.59&amp;apos;, revision: &amp;apos;e82be7d358&amp;apos;, time: &amp;apos;2018-11-14T08:25:53&amp;apos;
System info: host: &amp;apos;DESKTOP-05J6JRM&amp;apos;, ip: &amp;apos;192.168.1.44&amp;apos;, os.name: &amp;apos;Windows 10&amp;apos;, os.arch: &amp;apos;amd64&amp;apos;, os.version: &amp;apos;10.0&amp;apos;, java.version: &amp;apos;16.0.2&amp;apos;
Driver info: org.openqa.selenium.firefox.FirefoxDriver
Capabilities {acceptInsecureCerts: true, browserName: firefox, browserVersion: 94.0.2, javascriptEnabled: true, moz:accessibilityChecks: false, moz:buildID: 20211119140621, moz:geckodriverVersion: 0.29.1, moz:headless: false, moz:processID: 12484, moz:profile: C:\Users\quanh\AppData\Loca..., moz:shutdownTimeout: 60000, moz:useNonSpecCompliantPointerOrigin: false, moz:webdriverClick: true, pageLoadStrategy: normal, platform: WINDOWS, platformName: WINDOWS, platformVersion: 10.0, proxy: Proxy(), setWindowRect: true, strictFileInteractability: false, timeouts: {implicit: 0, pageLoad: 300000, script: 30000}, unhandledPromptBehavior: dismiss and notify}
Session ID: 51780b14-1e13-4279-aaf6-d7a825bb77ec
*** Element info: {Using=xpath, value=//p[text()=&amp;apos;Customer Registered Successfully!!!&amp;apos;]}">
      <![CDATA[org.openqa.selenium.UnhandledAlertException: Dismissed user prompt dialog: Customer could not be added !!: 
Build info: version: '3.141.59', revision: 'e82be7d358', time: '2018-11-14T08:25:53'
System info: host: 'DESKTOP-05J6JRM', ip: '192.168.1.44', os.name: 'Windows 10', os.arch: 'amd64', os.version: '10.0', java.version: '16.0.2'
Driver info: org.openqa.selenium.firefox.FirefoxDriver
Capabilities {acceptInsecureCerts: true, browserName: firefox, browserVersion: 94.0.2, javascriptEnabled: true, moz:accessibilityChecks: false, moz:buildID: 20211119140621, moz:geckodriverVersion: 0.29.1, moz:headless: false, moz:processID: 12484, moz:profile: C:\Users\quanh\AppData\Loca..., moz:shutdownTimeout: 60000, moz:useNonSpecCompliantPointerOrigin: false, moz:webdriverClick: true, pageLoadStrategy: normal, platform: WINDOWS, platformName: WINDOWS, platformVersion: 10.0, proxy: Proxy(), setWindowRect: true, strictFileInteractability: false, timeouts: {implicit: 0, pageLoad: 300000, script: 30000}, unhandledPromptBehavior: dismiss and notify}
Session ID: 51780b14-1e13-4279-aaf6-d7a825bb77ec
*** Element info: {Using=xpath, value=//p[text()='Customer Registered Successfully!!!']}
at org.openqa.selenium.remote.http.W3CHttpResponseCodec.decode(W3CHttpResponseCodec.java:120)
at org.openqa.selenium.remote.http.W3CHttpResponseCodec.decode(W3CHttpResponseCodec.java:49)
at org.openqa.selenium.remote.HttpCommandExecutor.execute(HttpCommandExecutor.java:158)
at org.openqa.selenium.remote.service.DriverCommandExecutor.execute(DriverCommandExecutor.java:83)
at org.openqa.selenium.remote.RemoteWebDriver.execute(RemoteWebDriver.java:552)
at org.openqa.selenium.remote.RemoteWebDriver.findElement(RemoteWebDriver.java:323)
at org.openqa.selenium.remote.RemoteWebDriver.findElementByXPath(RemoteWebDriver.java:428)
at org.openqa.selenium.By$ByXPath.findElement(By.java:353)
at org.openqa.selenium.remote.RemoteWebDriver.findElement(RemoteWebDriver.java:315)
at org.openqa.selenium.support.ui.ExpectedConditions$7.apply(ExpectedConditions.java:205)
at org.openqa.selenium.support.ui.ExpectedConditions$7.apply(ExpectedConditions.java:201)
at org.openqa.selenium.support.ui.FluentWait.until(FluentWait.java:249)
at commons.BasePage.waitForElementVisible(BasePage.java:510)
at pageObjects.bankguru.NewCustomerPO.verifyToastRegisterSuccessfully(NewCustomerPO.java:76)
at com.bankguru.livecodingproject.deleteCustomerTestcases.TC_01_Create_New_Customer_And_Checked_Created_Succesfully(deleteCustomerTestcases.java:125)
at java.base/java.util.concurrent.FutureTask.run(FutureTask.java:264)
at java.base/java.util.concurrent.ThreadPoolExecutor.runWorker(ThreadPoolExecutor.java:1130)
at java.base/java.util.concurrent.ThreadPoolExecutor$Worker.run(ThreadPoolExecutor.java:630)
at java.base/java.lang.Thread.run(Thread.java:831)
... Removed 16 stack frames]]>
    </failure>
  </testcase> <!-- TC_01_Create_New_Customer_And_Checked_Created_Succesfully -->
  <testcase classname="com.bankguru.livecodingproject.deleteCustomerTestcases" name="TC_02_Verify_CustomerID_Cannot_Be_Empty" time="0.001">
    <failure type="java.lang.NullPointerException" message="Cannot invoke &amp;quot;pageObjects.bankguru.DeleteCustomerPO.inputToCustomerIDTextbox(org.openqa.selenium.WebDriver, String, String)&amp;quot; because &amp;quot;this.deleteCustomerPage&amp;quot; is null">
      <![CDATA[java.lang.NullPointerException: Cannot invoke "pageObjects.bankguru.DeleteCustomerPO.inputToCustomerIDTextbox(org.openqa.selenium.WebDriver, String, String)" because "this.deleteCustomerPage" is null
at com.bankguru.livecodingproject.deleteCustomerTestcases.TC_02_Verify_CustomerID_Cannot_Be_Empty(deleteCustomerTestcases.java:176)
at java.base/java.util.concurrent.FutureTask.run(FutureTask.java:264)
at java.base/java.util.concurrent.ThreadPoolExecutor.runWorker(ThreadPoolExecutor.java:1130)
at java.base/java.util.concurrent.ThreadPoolExecutor$Worker.run(ThreadPoolExecutor.java:630)
at java.base/java.lang.Thread.run(Thread.java:831)
... Removed 16 stack frames]]>
    </failure>
  </testcase> <!-- TC_02_Verify_CustomerID_Cannot_Be_Empty -->
  <testcase classname="com.bankguru.livecodingproject.deleteCustomerTestcases" name="TC_03_Verify_CustomerID_Must_Be_Numeric" time="0.001">
    <failure type="java.lang.NullPointerException" message="Cannot invoke &amp;quot;pageObjects.bankguru.DeleteCustomerPO.inputToCustomerIDTextbox(org.openqa.selenium.WebDriver, String, String)&amp;quot; because &amp;quot;this.deleteCustomerPage&amp;quot; is null">
      <![CDATA[java.lang.NullPointerException: Cannot invoke "pageObjects.bankguru.DeleteCustomerPO.inputToCustomerIDTextbox(org.openqa.selenium.WebDriver, String, String)" because "this.deleteCustomerPage" is null
at com.bankguru.livecodingproject.deleteCustomerTestcases.TC_03_Verify_CustomerID_Must_Be_Numeric(deleteCustomerTestcases.java:189)
at java.base/java.util.concurrent.FutureTask.run(FutureTask.java:264)
at java.base/java.util.concurrent.ThreadPoolExecutor.runWorker(ThreadPoolExecutor.java:1130)
at java.base/java.util.concurrent.ThreadPoolExecutor$Worker.run(ThreadPoolExecutor.java:630)
at java.base/java.lang.Thread.run(Thread.java:831)
... Removed 16 stack frames]]>
    </failure>
  </testcase> <!-- TC_03_Verify_CustomerID_Must_Be_Numeric -->
  <testcase classname="com.bankguru.livecodingproject.deleteCustomerTestcases" name="TC_04_Verify_CustomerID_Cannot_Have_Special_Characters" time="0.0">
    <failure type="java.lang.NullPointerException" message="Cannot invoke &amp;quot;pageObjects.bankguru.DeleteCustomerPO.inputToCustomerIDTextbox(org.openqa.selenium.WebDriver, String, String)&amp;quot; because &amp;quot;this.deleteCustomerPage&amp;quot; is null">
      <![CDATA[java.lang.NullPointerException: Cannot invoke "pageObjects.bankguru.DeleteCustomerPO.inputToCustomerIDTextbox(org.openqa.selenium.WebDriver, String, String)" because "this.deleteCustomerPage" is null
at com.bankguru.livecodingproject.deleteCustomerTestcases.TC_04_Verify_CustomerID_Cannot_Have_Special_Characters(deleteCustomerTestcases.java:199)
at java.base/java.util.concurrent.FutureTask.run(FutureTask.java:264)
at java.base/java.util.concurrent.ThreadPoolExecutor.runWorker(ThreadPoolExecutor.java:1130)
at java.base/java.util.concurrent.ThreadPoolExecutor$Worker.run(ThreadPoolExecutor.java:630)
at java.base/java.lang.Thread.run(Thread.java:831)
... Removed 16 stack frames]]>
    </failure>
  </testcase> <!-- TC_04_Verify_CustomerID_Cannot_Have_Special_Characters -->
  <testcase classname="com.bankguru.livecodingproject.deleteCustomerTestcases" name="TC_05_Verify_CustomerID_Cannot_Have_Black_Space" time="0.001">
    <failure type="java.lang.NullPointerException" message="Cannot invoke &amp;quot;pageObjects.bankguru.DeleteCustomerPO.inputToCustomerIDTextbox(org.openqa.selenium.WebDriver, String, String)&amp;quot; because &amp;quot;this.deleteCustomerPage&amp;quot; is null">
      <![CDATA[java.lang.NullPointerException: Cannot invoke "pageObjects.bankguru.DeleteCustomerPO.inputToCustomerIDTextbox(org.openqa.selenium.WebDriver, String, String)" because "this.deleteCustomerPage" is null
at com.bankguru.livecodingproject.deleteCustomerTestcases.TC_05_Verify_CustomerID_Cannot_Have_Black_Space(deleteCustomerTestcases.java:209)
at java.base/java.util.concurrent.FutureTask.run(FutureTask.java:264)
at java.base/java.util.concurrent.ThreadPoolExecutor.runWorker(ThreadPoolExecutor.java:1130)
at java.base/java.util.concurrent.ThreadPoolExecutor$Worker.run(ThreadPoolExecutor.java:630)
at java.base/java.lang.Thread.run(Thread.java:831)
... Removed 16 stack frames]]>
    </failure>
  </testcase> <!-- TC_05_Verify_CustomerID_Cannot_Have_Black_Space -->
  <testcase classname="com.bankguru.livecodingproject.deleteCustomerTestcases" name="TC_06_Verify_CustomerID_Cannot_Be_Space" time="0.001">
    <failure type="java.lang.NullPointerException" message="Cannot invoke &amp;quot;pageObjects.bankguru.DeleteCustomerPO.inputToCustomerIDTextbox(org.openqa.selenium.WebDriver, String, String)&amp;quot; because &amp;quot;this.deleteCustomerPage&amp;quot; is null">
      <![CDATA[java.lang.NullPointerException: Cannot invoke "pageObjects.bankguru.DeleteCustomerPO.inputToCustomerIDTextbox(org.openqa.selenium.WebDriver, String, String)" because "this.deleteCustomerPage" is null
at com.bankguru.livecodingproject.deleteCustomerTestcases.TC_06_Verify_CustomerID_Cannot_Be_Space(deleteCustomerTestcases.java:219)
at java.base/java.util.concurrent.FutureTask.run(FutureTask.java:264)
at java.base/java.util.concurrent.ThreadPoolExecutor.runWorker(ThreadPoolExecutor.java:1130)
at java.base/java.util.concurrent.ThreadPoolExecutor$Worker.run(ThreadPoolExecutor.java:630)
at java.base/java.lang.Thread.run(Thread.java:831)
... Removed 16 stack frames]]>
    </failure>
  </testcase> <!-- TC_06_Verify_CustomerID_Cannot_Be_Space -->
</testsuite> <!-- Run on FIREFOX -->
