<?xml version="1.0" encoding="UTF-8"?>
<!-- Generated by org.testng.reporters.JUnitXMLReporter -->
<testsuite ignored="0" hostname="Admin" failures="0" tests="0" name="Run on CHORME" time="9.502" errors="0" timestamp="02 Oct 2021 15:44:36 GMT">
  <testcase classname="takeScreenShot.screenshotTestFailed_ReportNG" name="@AfterTest cleanBrowser" time="0.0">
    <failure type="java.lang.IllegalArgumentException" message="Empty command">
      <![CDATA[java.lang.IllegalArgumentException: Empty command
at java.base/java.lang.Runtime.exec(Runtime.java:408)
at java.base/java.lang.Runtime.exec(Runtime.java:311)
at commons.BaseTest.closeBrowserAndDriver(BaseTest.java:252)
at takeScreenShot.screenshotTestFailed_ReportNG.cleanBrowser(screenshotTestFailed_ReportNG.java:95)
at java.base/java.util.concurrent.FutureTask.run(FutureTask.java:264)
at java.base/java.util.concurrent.ThreadPoolExecutor.runWorker(ThreadPoolExecutor.java:1130)
at java.base/java.util.concurrent.ThreadPoolExecutor$Worker.run(ThreadPoolExecutor.java:630)
at java.base/java.lang.Thread.run(Thread.java:831)
... Removed 15 stack frames]]>
    </failure>
  </testcase> <!-- @AfterTest cleanBrowser -->
</testsuite> <!-- Run on CHORME -->
