<?xml version="1.0" encoding="UTF-8"?>
<!-- Generated by org.testng.reporters.JUnitXMLReporter -->
<testsuite ignored="0" hostname="DESKTOP-05J6JRM" failures="21" tests="21" name="Run on CHROME" time="7.704" errors="0" timestamp="06 Dec 2021 15:01:33 GMT">
  <testcase classname="com.bankguru.livecodingproject.editCustomerTestcases" name="TC_01_Create_New_Customer_And_Checked_Created_Succesfully" time="0.004">
    <failure type="java.lang.NullPointerException" message="Cannot invoke &amp;quot;pageObjects.bankguru.NewCustomerPO.openGuru99Site(org.openqa.selenium.WebDriver, String)&amp;quot; because &amp;quot;this.newCustomerPage&amp;quot; is null">
      <![CDATA[java.lang.NullPointerException: Cannot invoke "pageObjects.bankguru.NewCustomerPO.openGuru99Site(org.openqa.selenium.WebDriver, String)" because "this.newCustomerPage" is null
at com.bankguru.livecodingproject.editCustomerTestcases.TC_01_Create_New_Customer_And_Checked_Created_Succesfully(editCustomerTestcases.java:47)
at java.base/java.util.concurrent.FutureTask.run(FutureTask.java:264)
at java.base/java.util.concurrent.ThreadPoolExecutor.runWorker(ThreadPoolExecutor.java:1130)
at java.base/java.util.concurrent.ThreadPoolExecutor$Worker.run(ThreadPoolExecutor.java:630)
at java.base/java.lang.Thread.run(Thread.java:831)
... Removed 16 stack frames]]>
    </failure>
  </testcase> <!-- TC_01_Create_New_Customer_And_Checked_Created_Succesfully -->
  <testcase classname="com.bankguru.livecodingproject.editCustomerTestcases" name="TC_02_Verify_Customer_ID_Textbox_Is_Not_Empty" time="0.001">
    <failure type="java.lang.NullPointerException" message="Cannot invoke &amp;quot;pageObjects.bankguru.EditCustomerPO.inputCustomerIDToTextbox(org.openqa.selenium.WebDriver, String, String)&amp;quot; because &amp;quot;this.editCustomerPage&amp;quot; is null">
      <![CDATA[java.lang.NullPointerException: Cannot invoke "pageObjects.bankguru.EditCustomerPO.inputCustomerIDToTextbox(org.openqa.selenium.WebDriver, String, String)" because "this.editCustomerPage" is null
at com.bankguru.livecodingproject.editCustomerTestcases.TC_02_Verify_Customer_ID_Textbox_Is_Not_Empty(editCustomerTestcases.java:166)
at java.base/java.util.concurrent.FutureTask.run(FutureTask.java:264)
at java.base/java.util.concurrent.ThreadPoolExecutor.runWorker(ThreadPoolExecutor.java:1130)
at java.base/java.util.concurrent.ThreadPoolExecutor$Worker.run(ThreadPoolExecutor.java:630)
at java.base/java.lang.Thread.run(Thread.java:831)
... Removed 16 stack frames]]>
    </failure>
  </testcase> <!-- TC_02_Verify_Customer_ID_Textbox_Is_Not_Empty -->
  <testcase classname="com.bankguru.livecodingproject.editCustomerTestcases" name="TC_03_Verify_Customer_ID_Textbox_Must_Be_Numeric" time="0.001">
    <failure type="java.lang.NullPointerException" message="Cannot invoke &amp;quot;pageObjects.bankguru.EditCustomerPO.inputCustomerIDToTextbox(org.openqa.selenium.WebDriver, String, String)&amp;quot; because &amp;quot;this.editCustomerPage&amp;quot; is null">
      <![CDATA[java.lang.NullPointerException: Cannot invoke "pageObjects.bankguru.EditCustomerPO.inputCustomerIDToTextbox(org.openqa.selenium.WebDriver, String, String)" because "this.editCustomerPage" is null
at com.bankguru.livecodingproject.editCustomerTestcases.TC_03_Verify_Customer_ID_Textbox_Must_Be_Numeric(editCustomerTestcases.java:177)
at java.base/java.util.concurrent.FutureTask.run(FutureTask.java:264)
at java.base/java.util.concurrent.ThreadPoolExecutor.runWorker(ThreadPoolExecutor.java:1130)
at java.base/java.util.concurrent.ThreadPoolExecutor$Worker.run(ThreadPoolExecutor.java:630)
at java.base/java.lang.Thread.run(Thread.java:831)
... Removed 16 stack frames]]>
    </failure>
  </testcase> <!-- TC_03_Verify_Customer_ID_Textbox_Must_Be_Numeric -->
  <testcase classname="com.bankguru.livecodingproject.editCustomerTestcases" name="TC_04_Verify_Customer_ID_Textbox_Cannot_Have_Special_Character" time="0.001">
    <failure type="java.lang.NullPointerException" message="Cannot invoke &amp;quot;pageObjects.bankguru.EditCustomerPO.inputCustomerIDToTextbox(org.openqa.selenium.WebDriver, String, String)&amp;quot; because &amp;quot;this.editCustomerPage&amp;quot; is null">
      <![CDATA[java.lang.NullPointerException: Cannot invoke "pageObjects.bankguru.EditCustomerPO.inputCustomerIDToTextbox(org.openqa.selenium.WebDriver, String, String)" because "this.editCustomerPage" is null
at com.bankguru.livecodingproject.editCustomerTestcases.TC_04_Verify_Customer_ID_Textbox_Cannot_Have_Special_Character(editCustomerTestcases.java:188)
at java.base/java.util.concurrent.FutureTask.run(FutureTask.java:264)
at java.base/java.util.concurrent.ThreadPoolExecutor.runWorker(ThreadPoolExecutor.java:1130)
at java.base/java.util.concurrent.ThreadPoolExecutor$Worker.run(ThreadPoolExecutor.java:630)
at java.base/java.lang.Thread.run(Thread.java:831)
... Removed 16 stack frames]]>
    </failure>
  </testcase> <!-- TC_04_Verify_Customer_ID_Textbox_Cannot_Have_Special_Character -->
  <testcase classname="com.bankguru.livecodingproject.editCustomerTestcases" name="TC_05_Input_Valid_Data_To_Textbox" time="0.001">
    <failure type="java.lang.NullPointerException" message="Cannot invoke &amp;quot;pageObjects.bankguru.EditCustomerPO.inputCustomerIDToTextbox(org.openqa.selenium.WebDriver, String, String)&amp;quot; because &amp;quot;this.editCustomerPage&amp;quot; is null">
      <![CDATA[java.lang.NullPointerException: Cannot invoke "pageObjects.bankguru.EditCustomerPO.inputCustomerIDToTextbox(org.openqa.selenium.WebDriver, String, String)" because "this.editCustomerPage" is null
at com.bankguru.livecodingproject.editCustomerTestcases.TC_05_Input_Valid_Data_To_Textbox(editCustomerTestcases.java:200)
at java.base/java.util.concurrent.FutureTask.run(FutureTask.java:264)
at java.base/java.util.concurrent.ThreadPoolExecutor.runWorker(ThreadPoolExecutor.java:1130)
at java.base/java.util.concurrent.ThreadPoolExecutor$Worker.run(ThreadPoolExecutor.java:630)
at java.base/java.lang.Thread.run(Thread.java:831)
... Removed 16 stack frames]]>
    </failure>
  </testcase> <!-- TC_05_Input_Valid_Data_To_Textbox -->
  <testcase classname="com.bankguru.livecodingproject.editCustomerTestcases" name="TC_06_Verify_Address_Field_Cannot_Be_Empty" time="0.001">
    <failure type="java.lang.NullPointerException" message="Cannot invoke &amp;quot;pageObjects.bankguru.EditCustomerPO.inputToEditAddress(org.openqa.selenium.WebDriver, String, String)&amp;quot; because &amp;quot;this.editCustomerPage&amp;quot; is null">
      <![CDATA[java.lang.NullPointerException: Cannot invoke "pageObjects.bankguru.EditCustomerPO.inputToEditAddress(org.openqa.selenium.WebDriver, String, String)" because "this.editCustomerPage" is null
at com.bankguru.livecodingproject.editCustomerTestcases.TC_06_Verify_Address_Field_Cannot_Be_Empty(editCustomerTestcases.java:210)
at java.base/java.util.concurrent.FutureTask.run(FutureTask.java:264)
at java.base/java.util.concurrent.ThreadPoolExecutor.runWorker(ThreadPoolExecutor.java:1130)
at java.base/java.util.concurrent.ThreadPoolExecutor$Worker.run(ThreadPoolExecutor.java:630)
at java.base/java.lang.Thread.run(Thread.java:831)
... Removed 16 stack frames]]>
    </failure>
  </testcase> <!-- TC_06_Verify_Address_Field_Cannot_Be_Empty -->
  <testcase classname="com.bankguru.livecodingproject.editCustomerTestcases" name="TC_07_Verify_City_Field_Cannot_Be_Empty" time="0.0">
    <failure type="java.lang.NullPointerException" message="Cannot invoke &amp;quot;pageObjects.bankguru.EditCustomerPO.inputToEditCity(org.openqa.selenium.WebDriver, String, String)&amp;quot; because &amp;quot;this.editCustomerPage&amp;quot; is null">
      <![CDATA[java.lang.NullPointerException: Cannot invoke "pageObjects.bankguru.EditCustomerPO.inputToEditCity(org.openqa.selenium.WebDriver, String, String)" because "this.editCustomerPage" is null
at com.bankguru.livecodingproject.editCustomerTestcases.TC_07_Verify_City_Field_Cannot_Be_Empty(editCustomerTestcases.java:220)
at java.base/java.util.concurrent.FutureTask.run(FutureTask.java:264)
at java.base/java.util.concurrent.ThreadPoolExecutor.runWorker(ThreadPoolExecutor.java:1130)
at java.base/java.util.concurrent.ThreadPoolExecutor$Worker.run(ThreadPoolExecutor.java:630)
at java.base/java.lang.Thread.run(Thread.java:831)
... Removed 16 stack frames]]>
    </failure>
  </testcase> <!-- TC_07_Verify_City_Field_Cannot_Be_Empty -->
  <testcase classname="com.bankguru.livecodingproject.editCustomerTestcases" name="TC_08_Verify_City_Field_Cannot_Be_Numeric" time="0.0">
    <failure type="java.lang.NullPointerException" message="Cannot invoke &amp;quot;pageObjects.bankguru.EditCustomerPO.inputToEditCity(org.openqa.selenium.WebDriver, String, String)&amp;quot; because &amp;quot;this.editCustomerPage&amp;quot; is null">
      <![CDATA[java.lang.NullPointerException: Cannot invoke "pageObjects.bankguru.EditCustomerPO.inputToEditCity(org.openqa.selenium.WebDriver, String, String)" because "this.editCustomerPage" is null
at com.bankguru.livecodingproject.editCustomerTestcases.TC_08_Verify_City_Field_Cannot_Be_Numeric(editCustomerTestcases.java:230)
at java.base/java.util.concurrent.FutureTask.run(FutureTask.java:264)
at java.base/java.util.concurrent.ThreadPoolExecutor.runWorker(ThreadPoolExecutor.java:1130)
at java.base/java.util.concurrent.ThreadPoolExecutor$Worker.run(ThreadPoolExecutor.java:630)
at java.base/java.lang.Thread.run(Thread.java:831)
... Removed 16 stack frames]]>
    </failure>
  </testcase> <!-- TC_08_Verify_City_Field_Cannot_Be_Numeric -->
  <testcase classname="com.bankguru.livecodingproject.editCustomerTestcases" name="TC_09_Verify_City_Field_Cannot_Have_Special_Character" time="0.001">
    <failure type="java.lang.NullPointerException" message="Cannot invoke &amp;quot;pageObjects.bankguru.EditCustomerPO.inputToEditCity(org.openqa.selenium.WebDriver, String, String)&amp;quot; because &amp;quot;this.editCustomerPage&amp;quot; is null">
      <![CDATA[java.lang.NullPointerException: Cannot invoke "pageObjects.bankguru.EditCustomerPO.inputToEditCity(org.openqa.selenium.WebDriver, String, String)" because "this.editCustomerPage" is null
at com.bankguru.livecodingproject.editCustomerTestcases.TC_09_Verify_City_Field_Cannot_Have_Special_Character(editCustomerTestcases.java:240)
at java.base/java.util.concurrent.FutureTask.run(FutureTask.java:264)
at java.base/java.util.concurrent.ThreadPoolExecutor.runWorker(ThreadPoolExecutor.java:1130)
at java.base/java.util.concurrent.ThreadPoolExecutor$Worker.run(ThreadPoolExecutor.java:630)
at java.base/java.lang.Thread.run(Thread.java:831)
... Removed 16 stack frames]]>
    </failure>
  </testcase> <!-- TC_09_Verify_City_Field_Cannot_Have_Special_Character -->
  <testcase classname="com.bankguru.livecodingproject.editCustomerTestcases" name="TC_10_Verify_State_Field_Cannot_Be_Empty" time="0.001">
    <failure type="java.lang.NullPointerException" message="Cannot invoke &amp;quot;pageObjects.bankguru.EditCustomerPO.inputToEditState(org.openqa.selenium.WebDriver, String, String)&amp;quot; because &amp;quot;this.editCustomerPage&amp;quot; is null">
      <![CDATA[java.lang.NullPointerException: Cannot invoke "pageObjects.bankguru.EditCustomerPO.inputToEditState(org.openqa.selenium.WebDriver, String, String)" because "this.editCustomerPage" is null
at com.bankguru.livecodingproject.editCustomerTestcases.TC_10_Verify_State_Field_Cannot_Be_Empty(editCustomerTestcases.java:250)
at java.base/java.util.concurrent.FutureTask.run(FutureTask.java:264)
at java.base/java.util.concurrent.ThreadPoolExecutor.runWorker(ThreadPoolExecutor.java:1130)
at java.base/java.util.concurrent.ThreadPoolExecutor$Worker.run(ThreadPoolExecutor.java:630)
at java.base/java.lang.Thread.run(Thread.java:831)
... Removed 16 stack frames]]>
    </failure>
  </testcase> <!-- TC_10_Verify_State_Field_Cannot_Be_Empty -->
  <testcase classname="com.bankguru.livecodingproject.editCustomerTestcases" name="TC_11_Verify_State_Field_Cannot_Be_Numeric" time="0.0">
    <failure type="java.lang.NullPointerException" message="Cannot invoke &amp;quot;pageObjects.bankguru.EditCustomerPO.inputToEditState(org.openqa.selenium.WebDriver, String, String)&amp;quot; because &amp;quot;this.editCustomerPage&amp;quot; is null">
      <![CDATA[java.lang.NullPointerException: Cannot invoke "pageObjects.bankguru.EditCustomerPO.inputToEditState(org.openqa.selenium.WebDriver, String, String)" because "this.editCustomerPage" is null
at com.bankguru.livecodingproject.editCustomerTestcases.TC_11_Verify_State_Field_Cannot_Be_Numeric(editCustomerTestcases.java:260)
at java.base/java.util.concurrent.FutureTask.run(FutureTask.java:264)
at java.base/java.util.concurrent.ThreadPoolExecutor.runWorker(ThreadPoolExecutor.java:1130)
at java.base/java.util.concurrent.ThreadPoolExecutor$Worker.run(ThreadPoolExecutor.java:630)
at java.base/java.lang.Thread.run(Thread.java:831)
... Removed 16 stack frames]]>
    </failure>
  </testcase> <!-- TC_11_Verify_State_Field_Cannot_Be_Numeric -->
  <testcase classname="com.bankguru.livecodingproject.editCustomerTestcases" name="TC_12_Verify_State_Field_Cannot_Have_Special_Character" time="0.0">
    <failure type="java.lang.NullPointerException" message="Cannot invoke &amp;quot;pageObjects.bankguru.EditCustomerPO.inputToEditState(org.openqa.selenium.WebDriver, String, String)&amp;quot; because &amp;quot;this.editCustomerPage&amp;quot; is null">
      <![CDATA[java.lang.NullPointerException: Cannot invoke "pageObjects.bankguru.EditCustomerPO.inputToEditState(org.openqa.selenium.WebDriver, String, String)" because "this.editCustomerPage" is null
at com.bankguru.livecodingproject.editCustomerTestcases.TC_12_Verify_State_Field_Cannot_Have_Special_Character(editCustomerTestcases.java:270)
at java.base/java.util.concurrent.FutureTask.run(FutureTask.java:264)
at java.base/java.util.concurrent.ThreadPoolExecutor.runWorker(ThreadPoolExecutor.java:1130)
at java.base/java.util.concurrent.ThreadPoolExecutor$Worker.run(ThreadPoolExecutor.java:630)
at java.base/java.lang.Thread.run(Thread.java:831)
... Removed 16 stack frames]]>
    </failure>
  </testcase> <!-- TC_12_Verify_State_Field_Cannot_Have_Special_Character -->
  <testcase classname="com.bankguru.livecodingproject.editCustomerTestcases" name="TC_13_Verify_Pin_Field_Must_Be_Numeric" time="0.0">
    <failure type="java.lang.NullPointerException" message="Cannot invoke &amp;quot;pageObjects.bankguru.EditCustomerPO.inputToEditPin(org.openqa.selenium.WebDriver, String, String)&amp;quot; because &amp;quot;this.editCustomerPage&amp;quot; is null">
      <![CDATA[java.lang.NullPointerException: Cannot invoke "pageObjects.bankguru.EditCustomerPO.inputToEditPin(org.openqa.selenium.WebDriver, String, String)" because "this.editCustomerPage" is null
at com.bankguru.livecodingproject.editCustomerTestcases.TC_13_Verify_Pin_Field_Must_Be_Numeric(editCustomerTestcases.java:280)
at java.base/java.util.concurrent.FutureTask.run(FutureTask.java:264)
at java.base/java.util.concurrent.ThreadPoolExecutor.runWorker(ThreadPoolExecutor.java:1130)
at java.base/java.util.concurrent.ThreadPoolExecutor$Worker.run(ThreadPoolExecutor.java:630)
at java.base/java.lang.Thread.run(Thread.java:831)
... Removed 16 stack frames]]>
    </failure>
  </testcase> <!-- TC_13_Verify_Pin_Field_Must_Be_Numeric -->
  <testcase classname="com.bankguru.livecodingproject.editCustomerTestcases" name="TC_14_Verify_Pin_Field_Cannot_Be_Empty" time="0.0">
    <failure type="java.lang.NullPointerException" message="Cannot invoke &amp;quot;pageObjects.bankguru.EditCustomerPO.inputToEditPin(org.openqa.selenium.WebDriver, String, String)&amp;quot; because &amp;quot;this.editCustomerPage&amp;quot; is null">
      <![CDATA[java.lang.NullPointerException: Cannot invoke "pageObjects.bankguru.EditCustomerPO.inputToEditPin(org.openqa.selenium.WebDriver, String, String)" because "this.editCustomerPage" is null
at com.bankguru.livecodingproject.editCustomerTestcases.TC_14_Verify_Pin_Field_Cannot_Be_Empty(editCustomerTestcases.java:290)
at java.base/java.util.concurrent.FutureTask.run(FutureTask.java:264)
at java.base/java.util.concurrent.ThreadPoolExecutor.runWorker(ThreadPoolExecutor.java:1130)
at java.base/java.util.concurrent.ThreadPoolExecutor$Worker.run(ThreadPoolExecutor.java:630)
at java.base/java.lang.Thread.run(Thread.java:831)
... Removed 16 stack frames]]>
    </failure>
  </testcase> <!-- TC_14_Verify_Pin_Field_Cannot_Be_Empty -->
  <testcase classname="com.bankguru.livecodingproject.editCustomerTestcases" name="TC_15_Verify_Pin_Field_Must_Have_6_Digits" time="0.001">
    <failure type="java.lang.NullPointerException" message="Cannot invoke &amp;quot;pageObjects.bankguru.EditCustomerPO.inputToEditPin(org.openqa.selenium.WebDriver, String, String)&amp;quot; because &amp;quot;this.editCustomerPage&amp;quot; is null">
      <![CDATA[java.lang.NullPointerException: Cannot invoke "pageObjects.bankguru.EditCustomerPO.inputToEditPin(org.openqa.selenium.WebDriver, String, String)" because "this.editCustomerPage" is null
at com.bankguru.livecodingproject.editCustomerTestcases.TC_15_Verify_Pin_Field_Must_Have_6_Digits(editCustomerTestcases.java:301)
at java.base/java.util.concurrent.FutureTask.run(FutureTask.java:264)
at java.base/java.util.concurrent.ThreadPoolExecutor.runWorker(ThreadPoolExecutor.java:1130)
at java.base/java.util.concurrent.ThreadPoolExecutor$Worker.run(ThreadPoolExecutor.java:630)
at java.base/java.lang.Thread.run(Thread.java:831)
... Removed 16 stack frames]]>
    </failure>
  </testcase> <!-- TC_15_Verify_Pin_Field_Must_Have_6_Digits -->
  <testcase classname="com.bankguru.livecodingproject.editCustomerTestcases" name="TC_16_Verify_Pin_Field_Cannot_Have_Special_Characters" time="0.001">
    <failure type="java.lang.NullPointerException" message="Cannot invoke &amp;quot;pageObjects.bankguru.EditCustomerPO.inputToEditPin(org.openqa.selenium.WebDriver, String, String)&amp;quot; because &amp;quot;this.editCustomerPage&amp;quot; is null">
      <![CDATA[java.lang.NullPointerException: Cannot invoke "pageObjects.bankguru.EditCustomerPO.inputToEditPin(org.openqa.selenium.WebDriver, String, String)" because "this.editCustomerPage" is null
at com.bankguru.livecodingproject.editCustomerTestcases.TC_16_Verify_Pin_Field_Cannot_Have_Special_Characters(editCustomerTestcases.java:311)
at java.base/java.util.concurrent.FutureTask.run(FutureTask.java:264)
at java.base/java.util.concurrent.ThreadPoolExecutor.runWorker(ThreadPoolExecutor.java:1130)
at java.base/java.util.concurrent.ThreadPoolExecutor$Worker.run(ThreadPoolExecutor.java:630)
at java.base/java.lang.Thread.run(Thread.java:831)
... Removed 16 stack frames]]>
    </failure>
  </testcase> <!-- TC_16_Verify_Pin_Field_Cannot_Have_Special_Characters -->
  <testcase classname="com.bankguru.livecodingproject.editCustomerTestcases" name="TC_17_Verify_Pin_Field_Cannot_Have_Special_Characters" time="0.001">
    <failure type="java.lang.NullPointerException" message="Cannot invoke &amp;quot;pageObjects.bankguru.EditCustomerPO.inputToEditPin(org.openqa.selenium.WebDriver, String, String)&amp;quot; because &amp;quot;this.editCustomerPage&amp;quot; is null">
      <![CDATA[java.lang.NullPointerException: Cannot invoke "pageObjects.bankguru.EditCustomerPO.inputToEditPin(org.openqa.selenium.WebDriver, String, String)" because "this.editCustomerPage" is null
at com.bankguru.livecodingproject.editCustomerTestcases.TC_17_Verify_Pin_Field_Cannot_Have_Special_Characters(editCustomerTestcases.java:321)
at java.base/java.util.concurrent.FutureTask.run(FutureTask.java:264)
at java.base/java.util.concurrent.ThreadPoolExecutor.runWorker(ThreadPoolExecutor.java:1130)
at java.base/java.util.concurrent.ThreadPoolExecutor$Worker.run(ThreadPoolExecutor.java:630)
at java.base/java.lang.Thread.run(Thread.java:831)
... Removed 16 stack frames]]>
    </failure>
  </testcase> <!-- TC_17_Verify_Pin_Field_Cannot_Have_Special_Characters -->
  <testcase classname="com.bankguru.livecodingproject.editCustomerTestcases" name="TC_18_Verify_Telephone_Field_Cannot_Be_Empty" time="0.001">
    <failure type="java.lang.NullPointerException" message="Cannot invoke &amp;quot;pageObjects.bankguru.EditCustomerPO.inputToEditPin(org.openqa.selenium.WebDriver, String, String)&amp;quot; because &amp;quot;this.editCustomerPage&amp;quot; is null">
      <![CDATA[java.lang.NullPointerException: Cannot invoke "pageObjects.bankguru.EditCustomerPO.inputToEditPin(org.openqa.selenium.WebDriver, String, String)" because "this.editCustomerPage" is null
at com.bankguru.livecodingproject.editCustomerTestcases.TC_18_Verify_Telephone_Field_Cannot_Be_Empty(editCustomerTestcases.java:331)
at java.base/java.util.concurrent.FutureTask.run(FutureTask.java:264)
at java.base/java.util.concurrent.ThreadPoolExecutor.runWorker(ThreadPoolExecutor.java:1130)
at java.base/java.util.concurrent.ThreadPoolExecutor$Worker.run(ThreadPoolExecutor.java:630)
at java.base/java.lang.Thread.run(Thread.java:831)
... Removed 16 stack frames]]>
    </failure>
  </testcase> <!-- TC_18_Verify_Telephone_Field_Cannot_Be_Empty -->
  <testcase classname="com.bankguru.livecodingproject.editCustomerTestcases" name="TC_19_Verify_Telephone_Field_Cannot_Have_Special_Characters" time="0.0">
    <failure type="java.lang.NullPointerException" message="Cannot invoke &amp;quot;pageObjects.bankguru.EditCustomerPO.inputToEditPin(org.openqa.selenium.WebDriver, String, String)&amp;quot; because &amp;quot;this.editCustomerPage&amp;quot; is null">
      <![CDATA[java.lang.NullPointerException: Cannot invoke "pageObjects.bankguru.EditCustomerPO.inputToEditPin(org.openqa.selenium.WebDriver, String, String)" because "this.editCustomerPage" is null
at com.bankguru.livecodingproject.editCustomerTestcases.TC_19_Verify_Telephone_Field_Cannot_Have_Special_Characters(editCustomerTestcases.java:341)
at java.base/java.util.concurrent.FutureTask.run(FutureTask.java:264)
at java.base/java.util.concurrent.ThreadPoolExecutor.runWorker(ThreadPoolExecutor.java:1130)
at java.base/java.util.concurrent.ThreadPoolExecutor$Worker.run(ThreadPoolExecutor.java:630)
at java.base/java.lang.Thread.run(Thread.java:831)
... Removed 16 stack frames]]>
    </failure>
  </testcase> <!-- TC_19_Verify_Telephone_Field_Cannot_Have_Special_Characters -->
  <testcase classname="com.bankguru.livecodingproject.editCustomerTestcases" name="TC_20_Verify_Telephone_Email_Cannot_Be_Empty" time="0.001">
    <failure type="java.lang.NullPointerException" message="Cannot invoke &amp;quot;pageObjects.bankguru.EditCustomerPO.inputToEditPin(org.openqa.selenium.WebDriver, String, String)&amp;quot; because &amp;quot;this.editCustomerPage&amp;quot; is null">
      <![CDATA[java.lang.NullPointerException: Cannot invoke "pageObjects.bankguru.EditCustomerPO.inputToEditPin(org.openqa.selenium.WebDriver, String, String)" because "this.editCustomerPage" is null
at com.bankguru.livecodingproject.editCustomerTestcases.TC_20_Verify_Telephone_Email_Cannot_Be_Empty(editCustomerTestcases.java:351)
at java.base/java.util.concurrent.FutureTask.run(FutureTask.java:264)
at java.base/java.util.concurrent.ThreadPoolExecutor.runWorker(ThreadPoolExecutor.java:1130)
at java.base/java.util.concurrent.ThreadPoolExecutor$Worker.run(ThreadPoolExecutor.java:630)
at java.base/java.lang.Thread.run(Thread.java:831)
... Removed 16 stack frames]]>
    </failure>
  </testcase> <!-- TC_20_Verify_Telephone_Email_Cannot_Be_Empty -->
  <testcase classname="com.bankguru.livecodingproject.editCustomerTestcases" name="TC_21_Verify_Telephone_Email_Must_Be_Correct_Format" time="0.001">
    <failure type="java.lang.NullPointerException" message="Cannot invoke &amp;quot;pageObjects.bankguru.EditCustomerPO.inputToEditPin(org.openqa.selenium.WebDriver, String, String)&amp;quot; because &amp;quot;this.editCustomerPage&amp;quot; is null">
      <![CDATA[java.lang.NullPointerException: Cannot invoke "pageObjects.bankguru.EditCustomerPO.inputToEditPin(org.openqa.selenium.WebDriver, String, String)" because "this.editCustomerPage" is null
at com.bankguru.livecodingproject.editCustomerTestcases.TC_21_Verify_Telephone_Email_Must_Be_Correct_Format(editCustomerTestcases.java:361)
at java.base/java.util.concurrent.FutureTask.run(FutureTask.java:264)
at java.base/java.util.concurrent.ThreadPoolExecutor.runWorker(ThreadPoolExecutor.java:1130)
at java.base/java.util.concurrent.ThreadPoolExecutor$Worker.run(ThreadPoolExecutor.java:630)
at java.base/java.lang.Thread.run(Thread.java:831)
... Removed 16 stack frames]]>
    </failure>
  </testcase> <!-- TC_21_Verify_Telephone_Email_Must_Be_Correct_Format -->
</testsuite> <!-- Run on CHROME -->
