<?xml version="1.0" encoding="UTF-8"?>
<!-- Generated by org.testng.reporters.JUnitXMLReporter -->
<testsuite ignored="0" hostname="Admin" failures="0" tests="1" name="Run on FIREFOX" time="0.03" errors="0" timestamp="18 Sep 2021 11:32:32 GMT">
  <testcase classname="com.query.datatable.Level_05_Data_Table" name="@BeforeClass beforeClass" time="0.0">
    <failure type="org.testng.TestNGException" message="
Method beforeClass requires 2 parameters but 1 were supplied in the BeforeClass annotation.">
      <![CDATA[org.testng.TestNGException: 
Method beforeClass requires 2 parameters but 1 were supplied in the BeforeClass annotation.
... Removed 23 stack frames]]>
    </failure>
  </testcase> <!-- @BeforeClass beforeClass -->
  <testcase classname="com.query.datatable.Level_05_Data_Table" name="@AfterClass afterClass" time="0.0">
    <skipped/>
  </testcase> <!-- @AfterClass afterClass -->
  <testcase classname="com.query.datatable.Level_05_Data_Table" name="TC_02" time="0.0">
    <skipped/>
  </testcase> <!-- TC_02 -->
</testsuite> <!-- Run on FIREFOX -->
